Log file open, 11/06/20 18:51:46
LogInit: Display: Running engine for game: yourmom2
LogPlatformFile: Not using cached read wrapper
LogTaskGraph: Started task graph with 5 named threads and 35 total threads with 3 sets of task threads.
LogStats: Stats thread started at 0.181677
LogD3D11RHI: Loaded GFSDK_Aftermath_Lib.x64.dll
LogICUInternationalization: ICU TimeZone Detection - Raw Offset: -8:00, Platform Override: ''
LogPluginManager: Mounting plugin Paper2D
LogPluginManager: Mounting plugin AISupport
LogPluginManager: Mounting plugin LightPropagationVolume
LogPluginManager: Mounting plugin CameraShakePreviewer
LogPluginManager: Mounting plugin ActorLayerUtilities
LogPluginManager: Mounting plugin AnimationSharing
LogPluginManager: Mounting plugin CLionSourceCodeAccess
LogPluginManager: Mounting plugin CodeLiteSourceCodeAccess
LogPluginManager: Mounting plugin GitSourceControl
LogPluginManager: Mounting plugin KDevelopSourceCodeAccess
LogPluginManager: Mounting plugin NullSourceCodeAccess
LogPluginManager: Mounting plugin PerforceSourceControl
LogPluginManager: Mounting plugin PlasticSourceControl
LogPluginManager: Mounting plugin RiderSourceCodeAccess
LogPluginManager: Mounting plugin SubversionSourceControl
LogPluginManager: Mounting plugin UObjectPlugin
LogPluginManager: Mounting plugin VisualStudioCodeSourceCodeAccess
LogPluginManager: Mounting plugin VisualStudioSourceCodeAccess
LogPluginManager: Mounting plugin XCodeSourceCodeAccess
LogPluginManager: Mounting plugin AssetManagerEditor
LogPluginManager: Mounting plugin CryptoKeys
LogPluginManager: Mounting plugin CurveEditorTools
LogPluginManager: Mounting plugin DataValidation
LogPluginManager: Mounting plugin EditorScriptingUtilities
LogPluginManager: Mounting plugin FacialAnimation
LogPluginManager: Mounting plugin GameplayTagsEditor
LogPluginManager: Mounting plugin GeometryMode
LogPluginManager: Mounting plugin MacGraphicsSwitching
LogPluginManager: Mounting plugin MaterialAnalyzer
LogPluginManager: Mounting plugin MobileLauncherProfileWizard
LogPluginManager: Mounting plugin PluginBrowser
LogPluginManager: Mounting plugin SpeedTreeImporter
LogPluginManager: Mounting plugin DatasmithContent
LogPluginManager: Mounting plugin VariantManagerContent
LogPluginManager: Mounting plugin AlembicImporter
LogPluginManager: Mounting plugin AutomationUtils
LogPluginManager: Mounting plugin BackChannel
LogPluginManager: Mounting plugin ChaosCloth
LogPluginManager: Mounting plugin ChaosClothEditor
LogPluginManager: Mounting plugin ChaosEditor
LogPluginManager: Mounting plugin ChaosNiagara
LogPluginManager: Mounting plugin ChaosSolverPlugin
LogPluginManager: Mounting plugin CharacterAI
LogPluginManager: Mounting plugin GeometryCache
LogPluginManager: Mounting plugin GeometryCollectionPlugin
LogPluginManager: Mounting plugin GeometryProcessing
LogPluginManager: Mounting plugin PlanarCut
LogPluginManager: Mounting plugin PlatformCrypto
LogPluginManager: Mounting plugin ProxyLODPlugin
LogPluginManager: Mounting plugin SkeletalReduction
LogPluginManager: Mounting plugin Niagara
LogPluginManager: Mounting plugin MagicLeap
LogPluginManager: Mounting plugin MagicLeapLightEstimation
LogPluginManager: Mounting plugin MagicLeapMedia
LogPluginManager: Mounting plugin MagicLeapPassableWorld
LogPluginManager: Mounting plugin MLSDK
LogPluginManager: Mounting plugin AndroidMedia
LogPluginManager: Mounting plugin AvfMedia
LogPluginManager: Mounting plugin ImgMedia
LogPluginManager: Mounting plugin MediaCompositing
LogPluginManager: Mounting plugin MediaPlayerEditor
LogPluginManager: Mounting plugin WebMMedia
LogPluginManager: Mounting plugin WmfMedia
LogPluginManager: Mounting plugin MeshPainting
LogPluginManager: Mounting plugin TcpMessaging
LogPluginManager: Mounting plugin UdpMessaging
LogPluginManager: Mounting plugin ActorSequence
LogPluginManager: Mounting plugin LevelSequenceEditor
LogPluginManager: Mounting plugin MatineeToLevelSequence
LogPluginManager: Mounting plugin MovieRenderPipeline
LogPluginManager: Mounting plugin TemplateSequence
LogPluginManager: Mounting plugin NetcodeUnitTest
LogPluginManager: Mounting plugin NUTUnrealEngine4
LogPluginManager: Mounting plugin OnlineSubsystemGooglePlay
LogPluginManager: Mounting plugin OnlineSubsystemIOS
LogPluginManager: Mounting plugin OnlineSubsystem
LogPluginManager: Mounting plugin OnlineSubsystemNull
LogPluginManager: Mounting plugin OnlineSubsystemUtils
LogPluginManager: Mounting plugin LauncherChunkInstaller
LogPluginManager: Mounting plugin AndroidDeviceProfileSelector
LogPluginManager: Mounting plugin AndroidMoviePlayer
LogPluginManager: Mounting plugin AndroidPermission
LogPluginManager: Mounting plugin AppleImageUtils
LogPluginManager: Mounting plugin AppleMoviePlayer
LogPluginManager: Mounting plugin ArchVisCharacter
LogPluginManager: Mounting plugin AssetTags
LogPluginManager: Mounting plugin AudioCapture
LogPluginManager: Mounting plugin CableComponent
LogPluginManager: Mounting plugin CustomMeshComponent
LogPluginManager: Mounting plugin EditableMesh
LogPluginManager: Mounting plugin ExampleDeviceProfileSelector
LogPluginManager: Mounting plugin GoogleCloudMessaging
LogPluginManager: Mounting plugin GooglePAD
LogPluginManager: Mounting plugin IOSDeviceProfileSelector
LogPluginManager: Mounting plugin LinuxDeviceProfileSelector
LogPluginManager: Mounting plugin LocationServicesBPLibrary
LogPluginManager: Mounting plugin MobilePatchingUtils
LogPluginManager: Mounting plugin OculusVR
LogPluginManager: Mounting plugin PhysXVehicles
LogPluginManager: Mounting plugin PostSplashScreen
LogPluginManager: Mounting plugin ProceduralMeshComponent
LogPluginManager: Mounting plugin RuntimePhysXCooking
LogPluginManager: Mounting plugin SignificanceManager
LogPluginManager: Mounting plugin SoundFields
LogPluginManager: Mounting plugin SteamVR
LogPluginManager: Mounting plugin Synthesis
LogPluginManager: Mounting plugin WebMMoviePlayer
LogPluginManager: Mounting plugin WindowsMoviePlayer
LogPluginManager: Mounting plugin ScreenshotTools
LogInit: Using libcurl 7.55.1-DEV
LogInit:  - built for x86_64-pc-win32
LogInit:  - supports SSL with OpenSSL/1.1.1
LogInit:  - supports HTTP deflate (compression) using libz 1.2.8
LogInit:  - other features:
LogInit:      CURL_VERSION_SSL
LogInit:      CURL_VERSION_LIBZ
LogInit:      CURL_VERSION_IPV6
LogInit:      CURL_VERSION_ASYNCHDNS
LogInit:      CURL_VERSION_LARGEFILE
LogInit:      CURL_VERSION_IDN
LogInit:  CurlRequestOptions (configurable via config and command line):
LogInit:  - bVerifyPeer = true  - Libcurl will verify peer certificate
LogInit:  - bUseHttpProxy = false  - Libcurl will NOT use HTTP proxy
LogInit:  - bDontReuseConnections = false  - Libcurl will reuse connections
LogInit:  - MaxHostConnections = 16  - Libcurl will limit the number of connections to a host
LogInit:  - LocalHostAddr = Default
LogInit:  - BufferSize = 65536
LogOnline: OSS: Creating online subsystem instance for: NULL
LogInit: WinSock: version 1.1 (2.2), MaxSocks=32767, MaxUdp=65467
LogOnline: OSS: TryLoadSubsystemAndSetDefault: Loaded subsystem for module [NULL]
LogInit: Build: ++UE4+Release-4.25-CL-13942748
LogInit: Engine Version: 4.25.3-13942748+++UE4+Release-4.25
LogInit: Compatible Engine Version: 4.25.0-13144385+++UE4+Release-4.25
LogInit: Net CL: 13144385
LogInit: OS: Windows 10 (Release 2004) (), CPU: AMD Ryzen 5 3600 6-Core Processor              , GPU: NVIDIA GeForce RTX 2060
LogInit: Compiled (64-bit): Jul 25 2020 02:07:48
LogInit: Compiled with Visual C++: 19.24.28315.00
LogInit: Build Configuration: Development
LogInit: Branch Name: ++UE4+Release-4.25
LogInit: Command Line:  -EpicPortal -epicusername=Shiawase8 -epicuserid=143c2ffa1e644e0fbf5a435db8f9d2db -epiclocale=en
LogInit: Base Directory: C:/Program Files/Epic Games/UE_4.25/Engine/Binaries/Win64/
LogInit: Allocator: TBB
LogInit: Installed Engine Build: 1
LogDevObjectVersion: Number of dev versions registered: 26
LogDevObjectVersion:   Dev-Blueprints (B0D832E4-1F89-4F0D-ACCF-7EB736FD4AA2): 10
LogDevObjectVersion:   Dev-Build (E1C64328-A22C-4D53-A36C-8E866417BD8C): 0
LogDevObjectVersion:   Dev-Core (375EC13C-06E4-48FB-B500-84F0262A717E): 4
LogDevObjectVersion:   Dev-Editor (E4B068ED-F494-42E9-A231-DA0B2E46BB41): 38
LogDevObjectVersion:   Dev-Framework (CFFC743F-43B0-4480-9391-14DF171D2073): 37
LogDevObjectVersion:   Dev-Mobile (B02B49B5-BB20-44E9-A304-32B752E40360): 2
LogDevObjectVersion:   Dev-Networking (A4E4105C-59A1-49B5-A7C5-40C4547EDFEE): 0
LogDevObjectVersion:   Dev-Online (39C831C9-5AE6-47DC-9A44-9C173E1C8E7C): 0
LogDevObjectVersion:   Dev-Physics (78F01B33-EBEA-4F98-B9B4-84EACCB95AA2): 4
LogDevObjectVersion:   Dev-Platform (6631380F-2D4D-43E0-8009-CF276956A95A): 0
LogDevObjectVersion:   Dev-Rendering (12F88B9F-8875-4AFC-A67C-D90C383ABD29): 43
LogDevObjectVersion:   Dev-Sequencer (7B5AE74C-D270-4C10-A958-57980B212A5A): 12
LogDevObjectVersion:   Dev-VR (D7296918-1DD6-4BDD-9DE2-64A83CC13884): 3
LogDevObjectVersion:   Dev-LoadTimes (C2A15278-BFE7-4AFE-6C17-90FF531DF755): 1
LogDevObjectVersion:   Private-Geometry (6EACA3D4-40EC-4CC1-B786-8BED09428FC5): 3
LogDevObjectVersion:   Dev-AnimPhys (29E575DD-E0A3-4627-9D10-D276232CDCEA): 17
LogDevObjectVersion:   Dev-Anim (AF43A65D-7FD3-4947-9873-3E8ED9C1BB05): 7
LogDevObjectVersion:   Dev-ReflectionCapture (6B266CEC-1EC7-4B8F-A30B-E4D90942FC07): 1
LogDevObjectVersion:   Dev-Automation (0DF73D61-A23F-47EA-B727-89E90C41499A): 1
LogDevObjectVersion:   FortniteMain (601D1886-AC64-4F84-AA16-D3DE0DEAC7D6): 31
LogDevObjectVersion:   Dev-Enterprise (9DFFBCD6-494F-0158-E221-12823C92A888): 10
LogDevObjectVersion:   Dev-Niagara (F2AED0AC-9AFE-416F-8664-AA7FFA26D6FC): 1
LogDevObjectVersion:   Dev-Destruction (174F1F0B-B4C6-45A5-B13F-2EE8D0FB917D): 10
LogDevObjectVersion:   Dev-Physics-Ext (35F94A83-E258-406C-A318-09F59610247C): 37
LogDevObjectVersion:   Dev-PhysicsMaterial-Chaos (B68FC16E-8B1B-42E2-B453-215C058844FE): 1
LogDevObjectVersion:   Dev-CineCamera (B2E18506-4273-CFC2-A54E-F4BB758BBA07): 1
LogInit: Presizing for max 25165824 objects, including 0 objects not considered by GC, pre-allocating 0 bytes for permanent pool.
LogConfig: Applying CVar settings from Section [/Script/Engine.StreamingSettings] File [C:/Users/seito/Documents/Unreal/CS328Project/Saved/Config/Windows/Engine.ini]
LogConfig: Setting CVar [[s.MinBulkDataSizeForAsyncLoading:131072]]
LogConfig: Setting CVar [[s.AsyncLoadingThreadEnabled:0]]
LogConfig: Setting CVar [[s.EventDrivenLoaderEnabled:1]]
LogConfig: Setting CVar [[s.WarnIfTimeLimitExceeded:0]]
LogConfig: Setting CVar [[s.TimeLimitExceededMultiplier:1.5]]
LogConfig: Setting CVar [[s.TimeLimitExceededMinTime:0.005]]
LogConfig: Setting CVar [[s.UseBackgroundLevelStreaming:1]]
LogConfig: Setting CVar [[s.PriorityAsyncLoadingExtraTime:15.0]]
LogConfig: Setting CVar [[s.LevelStreamingActorsUpdateTimeLimit:5.0]]
LogConfig: Setting CVar [[s.PriorityLevelStreamingActorsUpdateExtraTime:5.0]]
LogConfig: Setting CVar [[s.LevelStreamingComponentsRegistrationGranularity:10]]
LogConfig: Setting CVar [[s.UnregisterComponentsTimeLimit:1.0]]
LogConfig: Setting CVar [[s.LevelStreamingComponentsUnregistrationGranularity:5]]
LogConfig: Setting CVar [[s.FlushStreamingOnExit:1]]
LogInit: Object subsystem initialized
LogConfig: Setting CVar [[con.DebugEarlyDefault:1]]
LogConfig: Setting CVar [[r.setres:1280x720]]
[2020.11.07-02.51.46:555][  0]LogConfig: Setting CVar [[r.VSync:0]]
[2020.11.07-02.51.46:555][  0]LogConfig: Setting CVar [[r.RHICmdBypass:0]]
[2020.11.07-02.51.46:555][  0]LogConfig: Applying CVar settings from Section [/Script/Engine.RendererSettings] File [C:/Users/seito/Documents/Unreal/CS328Project/Saved/Config/Windows/Engine.ini]
[2020.11.07-02.51.46:555][  0]LogConfig: Setting CVar [[r.GPUCrashDebugging:0]]
[2020.11.07-02.51.46:555][  0]LogConfig: Applying CVar settings from Section [/Script/Engine.RendererOverrideSettings] File [C:/Users/seito/Documents/Unreal/CS328Project/Saved/Config/Windows/Engine.ini]
[2020.11.07-02.51.46:555][  0]LogConfig: Applying CVar settings from Section [/Script/Engine.StreamingSettings] File [C:/Users/seito/Documents/Unreal/CS328Project/Saved/Config/Windows/Engine.ini]
[2020.11.07-02.51.46:555][  0]LogConfig: Setting CVar [[s.MinBulkDataSizeForAsyncLoading:131072]]
[2020.11.07-02.51.46:555][  0]LogConfig: Setting CVar [[s.AsyncLoadingThreadEnabled:0]]
[2020.11.07-02.51.46:555][  0]LogConfig: Setting CVar [[s.EventDrivenLoaderEnabled:1]]
[2020.11.07-02.51.46:555][  0]LogConfig: Setting CVar [[s.WarnIfTimeLimitExceeded:0]]
[2020.11.07-02.51.46:555][  0]LogConfig: Setting CVar [[s.TimeLimitExceededMultiplier:1.5]]
[2020.11.07-02.51.46:555][  0]LogConfig: Setting CVar [[s.TimeLimitExceededMinTime:0.005]]
[2020.11.07-02.51.46:555][  0]LogConfig: Setting CVar [[s.UseBackgroundLevelStreaming:1]]
[2020.11.07-02.51.46:555][  0]LogConfig: Setting CVar [[s.PriorityAsyncLoadingExtraTime:15.0]]
[2020.11.07-02.51.46:555][  0]LogConfig: Setting CVar [[s.LevelStreamingActorsUpdateTimeLimit:5.0]]
[2020.11.07-02.51.46:555][  0]LogConfig: Setting CVar [[s.PriorityLevelStreamingActorsUpdateExtraTime:5.0]]
[2020.11.07-02.51.46:555][  0]LogConfig: Setting CVar [[s.LevelStreamingComponentsRegistrationGranularity:10]]
[2020.11.07-02.51.46:555][  0]LogConfig: Setting CVar [[s.UnregisterComponentsTimeLimit:1.0]]
[2020.11.07-02.51.46:555][  0]LogConfig: Setting CVar [[s.LevelStreamingComponentsUnregistrationGranularity:5]]
[2020.11.07-02.51.46:555][  0]LogConfig: Setting CVar [[s.FlushStreamingOnExit:1]]
[2020.11.07-02.51.46:555][  0]LogConfig: Applying CVar settings from Section [/Script/Engine.GarbageCollectionSettings] File [C:/Users/seito/Documents/Unreal/CS328Project/Saved/Config/Windows/Engine.ini]
[2020.11.07-02.51.46:555][  0]LogConfig: Setting CVar [[gc.MaxObjectsNotConsideredByGC:1]]
[2020.11.07-02.51.46:555][  0]LogConfig: Setting CVar [[gc.SizeOfPermanentObjectPool:0]]
[2020.11.07-02.51.46:555][  0]LogConfig: Setting CVar [[gc.FlushStreamingOnGC:0]]
[2020.11.07-02.51.46:555][  0]LogConfig: Setting CVar [[gc.NumRetriesBeforeForcingGC:10]]
[2020.11.07-02.51.46:555][  0]LogConfig: Setting CVar [[gc.AllowParallelGC:1]]
[2020.11.07-02.51.46:555][  0]LogConfig: Setting CVar [[gc.TimeBetweenPurgingPendingKillObjects:61.1]]
[2020.11.07-02.51.46:555][  0]LogConfig: Setting CVar [[gc.MaxObjectsInEditor:25165824]]
[2020.11.07-02.51.46:555][  0]LogConfig: Setting CVar [[gc.IncrementalBeginDestroyEnabled:1]]
[2020.11.07-02.51.46:555][  0]LogConfig: Setting CVar [[gc.CreateGCClusters:1]]
[2020.11.07-02.51.46:555][  0]LogConfig: Setting CVar [[gc.MinGCClusterSize:5]]
[2020.11.07-02.51.46:555][  0]LogConfig: Setting CVar [[gc.ActorClusteringEnabled:0]]
[2020.11.07-02.51.46:555][  0]LogConfig: Setting CVar [[gc.BlueprintClusteringEnabled:0]]
[2020.11.07-02.51.46:555][  0]LogConfig: Setting CVar [[gc.UseDisregardForGCOnDedicatedServers:0]]
[2020.11.07-02.51.46:555][  0]LogConfig: Applying CVar settings from Section [/Script/Engine.NetworkSettings] File [C:/Users/seito/Documents/Unreal/CS328Project/Saved/Config/Windows/Engine.ini]
[2020.11.07-02.51.46:555][  0]LogConfig: Applying CVar settings from Section [/Script/UnrealEd.CookerSettings] File [C:/Users/seito/Documents/Unreal/CS328Project/Saved/Config/Windows/Engine.ini]
[2020.11.07-02.51.46:562][  0]LogConfig: Applying CVar settings from Section [ViewDistanceQuality@3] File [C:/Users/seito/Documents/Unreal/CS328Project/Saved/Config/Windows/Scalability.ini]
[2020.11.07-02.51.46:562][  0]LogConfig: Setting CVar [[r.SkeletalMeshLODBias:0]]
[2020.11.07-02.51.46:562][  0]LogConfig: Setting CVar [[r.ViewDistanceScale:1.0]]
[2020.11.07-02.51.46:562][  0]LogConfig: Applying CVar settings from Section [AntiAliasingQuality@3] File [C:/Users/seito/Documents/Unreal/CS328Project/Saved/Config/Windows/Scalability.ini]
[2020.11.07-02.51.46:562][  0]LogConfig: Setting CVar [[r.PostProcessAAQuality:4]]
[2020.11.07-02.51.46:562][  0]LogConfig: Applying CVar settings from Section [ShadowQuality@3] File [C:/Users/seito/Documents/Unreal/CS328Project/Saved/Config/Windows/Scalability.ini]
[2020.11.07-02.51.46:562][  0]LogConfig: Setting CVar [[r.LightFunctionQuality:1]]
[2020.11.07-02.51.46:562][  0]LogConfig: Setting CVar [[r.ShadowQuality:5]]
[2020.11.07-02.51.46:562][  0]LogConfig: Setting CVar [[r.Shadow.CSM.MaxCascades:10]]
[2020.11.07-02.51.46:563][  0]LogConfig: Setting CVar [[r.Shadow.MaxResolution:2048]]
[2020.11.07-02.51.46:563][  0]LogConfig: Setting CVar [[r.Shadow.MaxCSMResolution:2048]]
[2020.11.07-02.51.46:563][  0]LogConfig: Setting CVar [[r.Shadow.RadiusThreshold:0.01]]
[2020.11.07-02.51.46:563][  0]LogConfig: Setting CVar [[r.Shadow.DistanceScale:1.0]]
[2020.11.07-02.51.46:563][  0]LogConfig: Setting CVar [[r.Shadow.CSM.TransitionScale:1.0]]
[2020.11.07-02.51.46:563][  0]LogConfig: Setting CVar [[r.Shadow.PreShadowResolutionFactor:1.0]]
[2020.11.07-02.51.46:563][  0]LogConfig: Setting CVar [[r.DistanceFieldShadowing:1]]
[2020.11.07-02.51.46:563][  0]LogConfig: Setting CVar [[r.DistanceFieldAO:1]]
[2020.11.07-02.51.46:563][  0]LogConfig: Setting CVar [[r.AOQuality:2]]
[2020.11.07-02.51.46:563][  0]LogConfig: Setting CVar [[r.VolumetricFog:1]]
[2020.11.07-02.51.46:563][  0]LogConfig: Setting CVar [[r.VolumetricFog.GridPixelSize:8]]
[2020.11.07-02.51.46:563][  0]LogConfig: Setting CVar [[r.VolumetricFog.GridSizeZ:128]]
[2020.11.07-02.51.46:563][  0]LogConfig: Setting CVar [[r.VolumetricFog.HistoryMissSupersampleCount:4]]
[2020.11.07-02.51.46:563][  0]LogConfig: Setting CVar [[r.LightMaxDrawDistanceScale:1]]
[2020.11.07-02.51.46:563][  0]LogConfig: Setting CVar [[r.CapsuleShadows:1]]
[2020.11.07-02.51.46:563][  0]LogConfig: Applying CVar settings from Section [PostProcessQuality@3] File [C:/Users/seito/Documents/Unreal/CS328Project/Saved/Config/Windows/Scalability.ini]
[2020.11.07-02.51.46:563][  0]LogConfig: Setting CVar [[r.MotionBlurQuality:4]]
[2020.11.07-02.51.46:563][  0]LogConfig: Setting CVar [[r.AmbientOcclusionMipLevelFactor:0.4]]
[2020.11.07-02.51.46:563][  0]LogConfig: Setting CVar [[r.AmbientOcclusionMaxQuality:100]]
[2020.11.07-02.51.46:563][  0]LogConfig: Setting CVar [[r.AmbientOcclusionLevels:-1]]
[2020.11.07-02.51.46:563][  0]LogConfig: Setting CVar [[r.AmbientOcclusionRadiusScale:1.0]]
[2020.11.07-02.51.46:563][  0]LogConfig: Setting CVar [[r.DepthOfFieldQuality:2]]
[2020.11.07-02.51.46:563][  0]LogConfig: Setting CVar [[r.RenderTargetPoolMin:400]]
[2020.11.07-02.51.46:563][  0]LogConfig: Setting CVar [[r.LensFlareQuality:2]]
[2020.11.07-02.51.46:563][  0]LogConfig: Setting CVar [[r.SceneColorFringeQuality:1]]
[2020.11.07-02.51.46:563][  0]LogConfig: Setting CVar [[r.EyeAdaptationQuality:2]]
[2020.11.07-02.51.46:563][  0]LogConfig: Setting CVar [[r.BloomQuality:5]]
[2020.11.07-02.51.46:563][  0]LogConfig: Setting CVar [[r.FastBlurThreshold:100]]
[2020.11.07-02.51.46:563][  0]LogConfig: Setting CVar [[r.Upscale.Quality:3]]
[2020.11.07-02.51.46:563][  0]LogConfig: Setting CVar [[r.Tonemapper.GrainQuantization:1]]
[2020.11.07-02.51.46:563][  0]LogConfig: Setting CVar [[r.LightShaftQuality:1]]
[2020.11.07-02.51.46:563][  0]LogConfig: Setting CVar [[r.Filter.SizeScale:1]]
[2020.11.07-02.51.46:563][  0]LogConfig: Setting CVar [[r.Tonemapper.Quality:5]]
[2020.11.07-02.51.46:563][  0]LogConfig: Setting CVar [[r.DOF.Gather.AccumulatorQuality:1        ; higher gathering accumulator quality]]
[2020.11.07-02.51.46:563][  0]LogConfig: Setting CVar [[r.DOF.Gather.PostfilterMethod:1          ; Median3x3 postfilering method]]
[2020.11.07-02.51.46:563][  0]LogConfig: Setting CVar [[r.DOF.Gather.EnableBokehSettings:0       ; no bokeh simulation when gathering]]
[2020.11.07-02.51.46:563][  0]LogConfig: Setting CVar [[r.DOF.Gather.RingCount:4                 ; medium number of samples when gathering]]
[2020.11.07-02.51.46:563][  0]LogConfig: Setting CVar [[r.DOF.Scatter.ForegroundCompositing:1    ; additive foreground scattering]]
[2020.11.07-02.51.46:563][  0]LogConfig: Setting CVar [[r.DOF.Scatter.BackgroundCompositing:2    ; additive background scattering]]
[2020.11.07-02.51.46:563][  0]LogConfig: Setting CVar [[r.DOF.Scatter.EnableBokehSettings:1      ; bokeh simulation when scattering]]
[2020.11.07-02.51.46:563][  0]LogConfig: Setting CVar [[r.DOF.Scatter.MaxSpriteRatio:0.1         ; only a maximum of 10% of scattered bokeh]]
[2020.11.07-02.51.46:563][  0]LogConfig: Setting CVar [[r.DOF.Recombine.Quality:1                ; cheap slight out of focus]]
[2020.11.07-02.51.46:563][  0]LogConfig: Setting CVar [[r.DOF.Recombine.EnableBokehSettings:0    ; no bokeh simulation on slight out of focus]]
[2020.11.07-02.51.46:563][  0]LogConfig: Setting CVar [[r.DOF.TemporalAAQuality:1                ; more stable temporal accumulation]]
[2020.11.07-02.51.46:563][  0]LogConfig: Setting CVar [[r.DOF.Kernel.MaxForegroundRadius:0.025]]
[2020.11.07-02.51.46:563][  0]LogConfig: Setting CVar [[r.DOF.Kernel.MaxBackgroundRadius:0.025]]
[2020.11.07-02.51.46:563][  0]LogConfig: Applying CVar settings from Section [TextureQuality@3] File [C:/Users/seito/Documents/Unreal/CS328Project/Saved/Config/Windows/Scalability.ini]
[2020.11.07-02.51.46:563][  0]LogConfig: Setting CVar [[r.Streaming.MipBias:0]]
[2020.11.07-02.51.46:563][  0]LogConfig: Setting CVar [[r.Streaming.AmortizeCPUToGPUCopy:0]]
[2020.11.07-02.51.46:563][  0]LogConfig: Setting CVar [[r.Streaming.MaxNumTexturesToStreamPerFrame:0]]
[2020.11.07-02.51.46:563][  0]LogConfig: Setting CVar [[r.Streaming.Boost:1]]
[2020.11.07-02.51.46:563][  0]LogConfig: Setting CVar [[r.MaxAnisotropy:8]]
[2020.11.07-02.51.46:563][  0]LogConfig: Setting CVar [[r.VT.MaxAnisotropy:8]]
[2020.11.07-02.51.46:563][  0]LogConfig: Setting CVar [[r.Streaming.LimitPoolSizeToVRAM:0]]
[2020.11.07-02.51.46:563][  0]LogConfig: Setting CVar [[r.Streaming.PoolSize:1000]]
[2020.11.07-02.51.46:563][  0]LogConfig: Setting CVar [[r.Streaming.MaxEffectiveScreenSize:0]]
[2020.11.07-02.51.46:563][  0]LogConfig: Applying CVar settings from Section [EffectsQuality@3] File [C:/Users/seito/Documents/Unreal/CS328Project/Saved/Config/Windows/Scalability.ini]
[2020.11.07-02.51.46:563][  0]LogConfig: Setting CVar [[r.TranslucencyLightingVolumeDim:64]]
[2020.11.07-02.51.46:563][  0]LogConfig: Setting CVar [[r.RefractionQuality:2]]
[2020.11.07-02.51.46:563][  0]LogConfig: Setting CVar [[r.SSR.Quality:3]]
[2020.11.07-02.51.46:563][  0]LogConfig: Setting CVar [[r.SSR.HalfResSceneColor:0]]
[2020.11.07-02.51.46:563][  0]LogConfig: Setting CVar [[r.SceneColorFormat:4]]
[2020.11.07-02.51.46:563][  0]LogConfig: Setting CVar [[r.DetailMode:2]]
[2020.11.07-02.51.46:563][  0]LogConfig: Setting CVar [[r.TranslucencyVolumeBlur:1]]
[2020.11.07-02.51.46:563][  0]LogConfig: Setting CVar [[r.MaterialQualityLevel:1 ; High quality]]
[2020.11.07-02.51.46:563][  0]LogConfig: Setting CVar [[r.SSS.Scale:1]]
[2020.11.07-02.51.46:563][  0]LogConfig: Setting CVar [[r.SSS.SampleSet:2]]
[2020.11.07-02.51.46:563][  0]LogConfig: Setting CVar [[r.SSS.Quality:1]]
[2020.11.07-02.51.46:563][  0]LogConfig: Setting CVar [[r.SSS.HalfRes:0]]
[2020.11.07-02.51.46:563][  0]LogConfig: Setting CVar [[r.SSGI.Quality:3]]
[2020.11.07-02.51.46:563][  0]LogConfig: Setting CVar [[r.EmitterSpawnRateScale:1.0]]
[2020.11.07-02.51.46:563][  0]LogConfig: Setting CVar [[r.ParticleLightQuality:2]]
[2020.11.07-02.51.46:563][  0]LogConfig: Setting CVar [[r.SkyAtmosphere.AerialPerspectiveLUT.FastApplyOnOpaque:1 ; Always have FastSkyLUT 1 in this case to avoid wrong sky]]
[2020.11.07-02.51.46:563][  0]LogConfig: Setting CVar [[r.SkyAtmosphere.AerialPerspectiveLUT.SampleCountPerSlice:1]]
[2020.11.07-02.51.46:563][  0]LogConfig: Setting CVar [[r.SkyAtmosphere.AerialPerspectiveLUT.DepthResolution:16.0]]
[2020.11.07-02.51.46:563][  0]LogConfig: Setting CVar [[r.SkyAtmosphere.FastSkyLUT:1]]
[2020.11.07-02.51.46:563][  0]LogConfig: Setting CVar [[r.SkyAtmosphere.FastSkyLUT.SampleCountMin:4.0]]
[2020.11.07-02.51.46:563][  0]LogConfig: Setting CVar [[r.SkyAtmosphere.FastSkyLUT.SampleCountMax:32.0]]
[2020.11.07-02.51.46:563][  0]LogConfig: Setting CVar [[r.SkyAtmosphere.SampleCountMin:4.0]]
[2020.11.07-02.51.46:563][  0]LogConfig: Setting CVar [[r.SkyAtmosphere.SampleCountMax:32.0]]
[2020.11.07-02.51.46:563][  0]LogConfig: Setting CVar [[r.SkyAtmosphere.TransmittanceLUT.UseSmallFormat:0]]
[2020.11.07-02.51.46:563][  0]LogConfig: Setting CVar [[r.SkyAtmosphere.TransmittanceLUT.SampleCount:10.0]]
[2020.11.07-02.51.46:563][  0]LogConfig: Setting CVar [[r.SkyAtmosphere.MultiScatteringLUT.SampleCount:15.0]]
[2020.11.07-02.51.46:563][  0]LogConfig: Applying CVar settings from Section [FoliageQuality@3] File [C:/Users/seito/Documents/Unreal/CS328Project/Saved/Config/Windows/Scalability.ini]
[2020.11.07-02.51.46:563][  0]LogConfig: Setting CVar [[foliage.DensityScale:1.0]]
[2020.11.07-02.51.46:563][  0]LogConfig: Setting CVar [[grass.DensityScale:1.0]]
[2020.11.07-02.51.46:563][  0]LogConfig: Applying CVar settings from Section [ShadingQuality@3] File [C:/Users/seito/Documents/Unreal/CS328Project/Saved/Config/Windows/Scalability.ini]
[2020.11.07-02.51.46:563][  0]LogConfig: Setting CVar [[r.HairStrands.SkyLighting.SampleCount:16]]
[2020.11.07-02.51.46:563][  0]LogConfig: Setting CVar [[r.HairStrands.SkyLighting.JitterIntegration:0]]
[2020.11.07-02.51.46:563][  0]LogConfig: Setting CVar [[r.HairStrands.SkyAO.SampleCount:16]]
[2020.11.07-02.51.46:563][  0]LogConfig: Setting CVar [[r.HairStrands.DeepShadow.SuperSampling:0]]
[2020.11.07-02.51.46:563][  0]LogConfig: Setting CVar [[r.HairStrands.VisibilityPPLL:0]]
[2020.11.07-02.51.46:563][  0]LogConfig: Setting CVar [[r.HairStrands.RasterizationScale:0.5]]
[2020.11.07-02.51.46:563][  0]LogConfig: Setting CVar [[r.HairStrands.VelocityRasterizationScale:1]]
[2020.11.07-02.51.46:564][  0]LogInit: Selected Device Profile: [Windows]
[2020.11.07-02.51.46:564][  0]LogInit: Applying CVar settings loaded from the selected device profile: [Windows]
[2020.11.07-02.51.46:564][  0]LogHAL: Display: Platform has ~ 32 GB [34282250240 / 34359738368 / 32], which maps to Largest [LargestMinGB=32, LargerMinGB=12, DefaultMinGB=8, SmallerMinGB=6, SmallestMinGB=0)
[2020.11.07-02.51.46:564][  0]LogInit: Going up to parent DeviceProfile []
[2020.11.07-02.51.46:564][  0]LogConfig: Applying CVar settings from Section [ViewDistanceQuality@3] File [C:/Users/seito/Documents/Unreal/CS328Project/Saved/Config/Windows/Scalability.ini]
[2020.11.07-02.51.46:564][  0]LogConfig: Setting CVar [[r.SkeletalMeshLODBias:0]]
[2020.11.07-02.51.46:564][  0]LogConfig: Setting CVar [[r.ViewDistanceScale:1.0]]
[2020.11.07-02.51.46:564][  0]LogConfig: Applying CVar settings from Section [AntiAliasingQuality@3] File [C:/Users/seito/Documents/Unreal/CS328Project/Saved/Config/Windows/Scalability.ini]
[2020.11.07-02.51.46:564][  0]LogConfig: Setting CVar [[r.PostProcessAAQuality:4]]
[2020.11.07-02.51.46:564][  0]LogConfig: Applying CVar settings from Section [ShadowQuality@3] File [C:/Users/seito/Documents/Unreal/CS328Project/Saved/Config/Windows/Scalability.ini]
[2020.11.07-02.51.46:564][  0]LogConfig: Setting CVar [[r.LightFunctionQuality:1]]
[2020.11.07-02.51.46:564][  0]LogConfig: Setting CVar [[r.ShadowQuality:5]]
[2020.11.07-02.51.46:564][  0]LogConfig: Setting CVar [[r.Shadow.CSM.MaxCascades:10]]
[2020.11.07-02.51.46:564][  0]LogConfig: Setting CVar [[r.Shadow.MaxResolution:2048]]
[2020.11.07-02.51.46:564][  0]LogConfig: Setting CVar [[r.Shadow.MaxCSMResolution:2048]]
[2020.11.07-02.51.46:564][  0]LogConfig: Setting CVar [[r.Shadow.RadiusThreshold:0.01]]
[2020.11.07-02.51.46:564][  0]LogConfig: Setting CVar [[r.Shadow.DistanceScale:1.0]]
[2020.11.07-02.51.46:564][  0]LogConfig: Setting CVar [[r.Shadow.CSM.TransitionScale:1.0]]
[2020.11.07-02.51.46:564][  0]LogConfig: Setting CVar [[r.Shadow.PreShadowResolutionFactor:1.0]]
[2020.11.07-02.51.46:564][  0]LogConfig: Setting CVar [[r.DistanceFieldShadowing:1]]
[2020.11.07-02.51.46:564][  0]LogConfig: Setting CVar [[r.DistanceFieldAO:1]]
[2020.11.07-02.51.46:564][  0]LogConfig: Setting CVar [[r.AOQuality:2]]
[2020.11.07-02.51.46:564][  0]LogConfig: Setting CVar [[r.VolumetricFog:1]]
[2020.11.07-02.51.46:564][  0]LogConfig: Setting CVar [[r.VolumetricFog.GridPixelSize:8]]
[2020.11.07-02.51.46:564][  0]LogConfig: Setting CVar [[r.VolumetricFog.GridSizeZ:128]]
[2020.11.07-02.51.46:564][  0]LogConfig: Setting CVar [[r.VolumetricFog.HistoryMissSupersampleCount:4]]
[2020.11.07-02.51.46:564][  0]LogConfig: Setting CVar [[r.LightMaxDrawDistanceScale:1]]
[2020.11.07-02.51.46:564][  0]LogConfig: Setting CVar [[r.CapsuleShadows:1]]
[2020.11.07-02.51.46:564][  0]LogConfig: Applying CVar settings from Section [PostProcessQuality@3] File [C:/Users/seito/Documents/Unreal/CS328Project/Saved/Config/Windows/Scalability.ini]
[2020.11.07-02.51.46:564][  0]LogConfig: Setting CVar [[r.MotionBlurQuality:4]]
[2020.11.07-02.51.46:564][  0]LogConfig: Setting CVar [[r.AmbientOcclusionMipLevelFactor:0.4]]
[2020.11.07-02.51.46:564][  0]LogConfig: Setting CVar [[r.AmbientOcclusionMaxQuality:100]]
[2020.11.07-02.51.46:564][  0]LogConfig: Setting CVar [[r.AmbientOcclusionLevels:-1]]
[2020.11.07-02.51.46:564][  0]LogConfig: Setting CVar [[r.AmbientOcclusionRadiusScale:1.0]]
[2020.11.07-02.51.46:564][  0]LogConfig: Setting CVar [[r.DepthOfFieldQuality:2]]
[2020.11.07-02.51.46:564][  0]LogConfig: Setting CVar [[r.RenderTargetPoolMin:400]]
[2020.11.07-02.51.46:564][  0]LogConfig: Setting CVar [[r.LensFlareQuality:2]]
[2020.11.07-02.51.46:564][  0]LogConfig: Setting CVar [[r.SceneColorFringeQuality:1]]
[2020.11.07-02.51.46:564][  0]LogConfig: Setting CVar [[r.EyeAdaptationQuality:2]]
[2020.11.07-02.51.46:564][  0]LogConfig: Setting CVar [[r.BloomQuality:5]]
[2020.11.07-02.51.46:564][  0]LogConfig: Setting CVar [[r.FastBlurThreshold:100]]
[2020.11.07-02.51.46:564][  0]LogConfig: Setting CVar [[r.Upscale.Quality:3]]
[2020.11.07-02.51.46:564][  0]LogConfig: Setting CVar [[r.Tonemapper.GrainQuantization:1]]
[2020.11.07-02.51.46:564][  0]LogConfig: Setting CVar [[r.LightShaftQuality:1]]
[2020.11.07-02.51.46:564][  0]LogConfig: Setting CVar [[r.Filter.SizeScale:1]]
[2020.11.07-02.51.46:564][  0]LogConfig: Setting CVar [[r.Tonemapper.Quality:5]]
[2020.11.07-02.51.46:564][  0]LogConfig: Setting CVar [[r.DOF.Gather.AccumulatorQuality:1        ; higher gathering accumulator quality]]
[2020.11.07-02.51.46:564][  0]LogConfig: Setting CVar [[r.DOF.Gather.PostfilterMethod:1          ; Median3x3 postfilering method]]
[2020.11.07-02.51.46:564][  0]LogConfig: Setting CVar [[r.DOF.Gather.EnableBokehSettings:0       ; no bokeh simulation when gathering]]
[2020.11.07-02.51.46:564][  0]LogConfig: Setting CVar [[r.DOF.Gather.RingCount:4                 ; medium number of samples when gathering]]
[2020.11.07-02.51.46:564][  0]LogConfig: Setting CVar [[r.DOF.Scatter.ForegroundCompositing:1    ; additive foreground scattering]]
[2020.11.07-02.51.46:564][  0]LogConfig: Setting CVar [[r.DOF.Scatter.BackgroundCompositing:2    ; additive background scattering]]
[2020.11.07-02.51.46:564][  0]LogConfig: Setting CVar [[r.DOF.Scatter.EnableBokehSettings:1      ; bokeh simulation when scattering]]
[2020.11.07-02.51.46:564][  0]LogConfig: Setting CVar [[r.DOF.Scatter.MaxSpriteRatio:0.1         ; only a maximum of 10% of scattered bokeh]]
[2020.11.07-02.51.46:564][  0]LogConfig: Setting CVar [[r.DOF.Recombine.Quality:1                ; cheap slight out of focus]]
[2020.11.07-02.51.46:564][  0]LogConfig: Setting CVar [[r.DOF.Recombine.EnableBokehSettings:0    ; no bokeh simulation on slight out of focus]]
[2020.11.07-02.51.46:564][  0]LogConfig: Setting CVar [[r.DOF.TemporalAAQuality:1                ; more stable temporal accumulation]]
[2020.11.07-02.51.46:564][  0]LogConfig: Setting CVar [[r.DOF.Kernel.MaxForegroundRadius:0.025]]
[2020.11.07-02.51.46:564][  0]LogConfig: Setting CVar [[r.DOF.Kernel.MaxBackgroundRadius:0.025]]
[2020.11.07-02.51.46:564][  0]LogConfig: Applying CVar settings from Section [TextureQuality@3] File [C:/Users/seito/Documents/Unreal/CS328Project/Saved/Config/Windows/Scalability.ini]
[2020.11.07-02.51.46:564][  0]LogConfig: Setting CVar [[r.Streaming.MipBias:0]]
[2020.11.07-02.51.46:564][  0]LogConfig: Setting CVar [[r.Streaming.AmortizeCPUToGPUCopy:0]]
[2020.11.07-02.51.46:564][  0]LogConfig: Setting CVar [[r.Streaming.MaxNumTexturesToStreamPerFrame:0]]
[2020.11.07-02.51.46:564][  0]LogConfig: Setting CVar [[r.Streaming.Boost:1]]
[2020.11.07-02.51.46:564][  0]LogConfig: Setting CVar [[r.MaxAnisotropy:8]]
[2020.11.07-02.51.46:564][  0]LogConfig: Setting CVar [[r.VT.MaxAnisotropy:8]]
[2020.11.07-02.51.46:564][  0]LogConfig: Setting CVar [[r.Streaming.LimitPoolSizeToVRAM:0]]
[2020.11.07-02.51.46:564][  0]LogConfig: Setting CVar [[r.Streaming.PoolSize:1000]]
[2020.11.07-02.51.46:564][  0]LogConfig: Setting CVar [[r.Streaming.MaxEffectiveScreenSize:0]]
[2020.11.07-02.51.46:564][  0]LogConfig: Applying CVar settings from Section [EffectsQuality@3] File [C:/Users/seito/Documents/Unreal/CS328Project/Saved/Config/Windows/Scalability.ini]
[2020.11.07-02.51.46:564][  0]LogConfig: Setting CVar [[r.TranslucencyLightingVolumeDim:64]]
[2020.11.07-02.51.46:564][  0]LogConfig: Setting CVar [[r.RefractionQuality:2]]
[2020.11.07-02.51.46:564][  0]LogConfig: Setting CVar [[r.SSR.Quality:3]]
[2020.11.07-02.51.46:564][  0]LogConfig: Setting CVar [[r.SSR.HalfResSceneColor:0]]
[2020.11.07-02.51.46:564][  0]LogConfig: Setting CVar [[r.SceneColorFormat:4]]
[2020.11.07-02.51.46:564][  0]LogConfig: Setting CVar [[r.DetailMode:2]]
[2020.11.07-02.51.46:564][  0]LogConfig: Setting CVar [[r.TranslucencyVolumeBlur:1]]
[2020.11.07-02.51.46:564][  0]LogConfig: Setting CVar [[r.MaterialQualityLevel:1 ; High quality]]
[2020.11.07-02.51.46:564][  0]LogConfig: Setting CVar [[r.SSS.Scale:1]]
[2020.11.07-02.51.46:564][  0]LogConfig: Setting CVar [[r.SSS.SampleSet:2]]
[2020.11.07-02.51.46:564][  0]LogConfig: Setting CVar [[r.SSS.Quality:1]]
[2020.11.07-02.51.46:565][  0]LogConfig: Setting CVar [[r.SSS.HalfRes:0]]
[2020.11.07-02.51.46:565][  0]LogConfig: Setting CVar [[r.SSGI.Quality:3]]
[2020.11.07-02.51.46:565][  0]LogConfig: Setting CVar [[r.EmitterSpawnRateScale:1.0]]
[2020.11.07-02.51.46:565][  0]LogConfig: Setting CVar [[r.ParticleLightQuality:2]]
[2020.11.07-02.51.46:565][  0]LogConfig: Setting CVar [[r.SkyAtmosphere.AerialPerspectiveLUT.FastApplyOnOpaque:1 ; Always have FastSkyLUT 1 in this case to avoid wrong sky]]
[2020.11.07-02.51.46:565][  0]LogConfig: Setting CVar [[r.SkyAtmosphere.AerialPerspectiveLUT.SampleCountPerSlice:1]]
[2020.11.07-02.51.46:565][  0]LogConfig: Setting CVar [[r.SkyAtmosphere.AerialPerspectiveLUT.DepthResolution:16.0]]
[2020.11.07-02.51.46:565][  0]LogConfig: Setting CVar [[r.SkyAtmosphere.FastSkyLUT:1]]
[2020.11.07-02.51.46:565][  0]LogConfig: Setting CVar [[r.SkyAtmosphere.FastSkyLUT.SampleCountMin:4.0]]
[2020.11.07-02.51.46:565][  0]LogConfig: Setting CVar [[r.SkyAtmosphere.FastSkyLUT.SampleCountMax:32.0]]
[2020.11.07-02.51.46:565][  0]LogConfig: Setting CVar [[r.SkyAtmosphere.SampleCountMin:4.0]]
[2020.11.07-02.51.46:565][  0]LogConfig: Setting CVar [[r.SkyAtmosphere.SampleCountMax:32.0]]
[2020.11.07-02.51.46:565][  0]LogConfig: Setting CVar [[r.SkyAtmosphere.TransmittanceLUT.UseSmallFormat:0]]
[2020.11.07-02.51.46:565][  0]LogConfig: Setting CVar [[r.SkyAtmosphere.TransmittanceLUT.SampleCount:10.0]]
[2020.11.07-02.51.46:565][  0]LogConfig: Setting CVar [[r.SkyAtmosphere.MultiScatteringLUT.SampleCount:15.0]]
[2020.11.07-02.51.46:565][  0]LogConfig: Applying CVar settings from Section [FoliageQuality@3] File [C:/Users/seito/Documents/Unreal/CS328Project/Saved/Config/Windows/Scalability.ini]
[2020.11.07-02.51.46:565][  0]LogConfig: Setting CVar [[foliage.DensityScale:1.0]]
[2020.11.07-02.51.46:565][  0]LogConfig: Setting CVar [[grass.DensityScale:1.0]]
[2020.11.07-02.51.46:565][  0]LogConfig: Applying CVar settings from Section [ShadingQuality@3] File [C:/Users/seito/Documents/Unreal/CS328Project/Saved/Config/Windows/Scalability.ini]
[2020.11.07-02.51.46:565][  0]LogConfig: Setting CVar [[r.HairStrands.SkyLighting.SampleCount:16]]
[2020.11.07-02.51.46:565][  0]LogConfig: Setting CVar [[r.HairStrands.SkyLighting.JitterIntegration:0]]
[2020.11.07-02.51.46:565][  0]LogConfig: Setting CVar [[r.HairStrands.SkyAO.SampleCount:16]]
[2020.11.07-02.51.46:565][  0]LogConfig: Setting CVar [[r.HairStrands.DeepShadow.SuperSampling:0]]
[2020.11.07-02.51.46:565][  0]LogConfig: Setting CVar [[r.HairStrands.VisibilityPPLL:0]]
[2020.11.07-02.51.46:565][  0]LogConfig: Setting CVar [[r.HairStrands.RasterizationScale:0.5]]
[2020.11.07-02.51.46:565][  0]LogConfig: Setting CVar [[r.HairStrands.VelocityRasterizationScale:1]]
[2020.11.07-02.51.46:565][  0]LogConfig: Applying CVar settings from Section [Startup] File [../../../Engine/Config/ConsoleVariables.ini]
[2020.11.07-02.51.46:565][  0]LogConfig: Setting CVar [[net.UseAdaptiveNetUpdateFrequency:0]]
[2020.11.07-02.51.46:565][  0]LogConfig: Setting CVar [[p.chaos.AllowCreatePhysxBodies:1]]
[2020.11.07-02.51.46:565][  0]LogConfig: Setting CVar [[fx.SkipVectorVMBackendOptimizations:1]]
[2020.11.07-02.51.46:565][  0]LogConfig: Applying CVar settings from Section [ConsoleVariables] File [C:/Users/seito/Documents/Unreal/CS328Project/Saved/Config/Windows/Engine.ini]
[2020.11.07-02.51.46:565][  0]LogInit: Computer: DESKTOP-4MGEE12
[2020.11.07-02.51.46:565][  0]LogInit: User: seito
[2020.11.07-02.51.46:565][  0]LogInit: CPU Page size=4096, Cores=6
[2020.11.07-02.51.46:565][  0]LogInit: High frequency timer resolution =10.000000 MHz
[2020.11.07-02.51.46:565][  0]LogMemory: Memory total: Physical=31.9GB (32GB approx)
[2020.11.07-02.51.46:565][  0]LogMemory: Platform Memory Stats for Windows
[2020.11.07-02.51.46:565][  0]LogMemory: Process Physical Memory: 119.18 MB used, 119.19 MB peak
[2020.11.07-02.51.46:565][  0]LogMemory: Process Virtual Memory: 97.03 MB used, 97.03 MB peak
[2020.11.07-02.51.46:565][  0]LogMemory: Physical Memory: 7679.57 MB used,  25014.53 MB free, 32694.10 MB total
[2020.11.07-02.51.46:565][  0]LogMemory: Virtual Memory: 5167.17 MB used,  134212560.00 MB free, 134217728.00 MB total
[2020.11.07-02.51.46:569][  0]LogWindows: WindowsPlatformFeatures enabled
[2020.11.07-02.51.46:595][  0]LogInit: Physics initialised using underlying interface: PhysX
[2020.11.07-02.51.46:596][  0]LogInit: Using OS detected language (en-US).
[2020.11.07-02.51.46:596][  0]LogInit: Using OS detected locale (en-US).
[2020.11.07-02.51.46:598][  0]LogTextLocalizationManager: No specific localization for 'en-US' exists, so the 'en' localization will be used.
[2020.11.07-02.51.46:774][  0]LogInit: Setting process to per monitor DPI aware
[2020.11.07-02.51.46:812][  0]LogSlate: New Slate User Created.  User Index 0, Is Virtual User: 0
[2020.11.07-02.51.46:812][  0]LogSlate: Slate User Registered.  User Index 0, Is Virtual User: 0
[2020.11.07-02.51.46:926][  0]LogHMD: Failed to initialize OpenVR with code 110
[2020.11.07-02.51.46:926][  0]LogD3D11RHI: D3D11 min allowed feature level: 11_0
[2020.11.07-02.51.46:926][  0]LogD3D11RHI: D3D11 max allowed feature level: 11_0
[2020.11.07-02.51.46:926][  0]LogD3D11RHI: D3D11 adapters:
[2020.11.07-02.51.47:012][  0]LogD3D11RHI:    0. 'NVIDIA GeForce RTX 2060' (Feature Level 11_0)
[2020.11.07-02.51.47:012][  0]LogD3D11RHI:       5967/0/16347 MB DedicatedVideo/DedicatedSystem/SharedSystem, Outputs:3, VendorId:0x10de
[2020.11.07-02.51.47:014][  0]LogD3D11RHI:    1. 'Microsoft Basic Render Driver' (Feature Level 11_0)
[2020.11.07-02.51.47:015][  0]LogD3D11RHI:       0/0/16347 MB DedicatedVideo/DedicatedSystem/SharedSystem, Outputs:0, VendorId:0x1414
[2020.11.07-02.51.47:015][  0]LogD3D11RHI: Chosen D3D11 Adapter: 0
[2020.11.07-02.51.47:025][  0]LogD3D11RHI: Creating new Direct3DDevice
[2020.11.07-02.51.47:025][  0]LogD3D11RHI:     GPU DeviceId: 0x1e89 (for the marketing name, search the web for "GPU Device Id")
[2020.11.07-02.51.47:025][  0]LogWindows: EnumDisplayDevices:
[2020.11.07-02.51.47:026][  0]LogWindows:    0. 'NVIDIA GeForce RTX 2060' (P:1 D:1)
[2020.11.07-02.51.47:026][  0]LogWindows:    1. 'NVIDIA GeForce RTX 2060' (P:0 D:1)
[2020.11.07-02.51.47:026][  0]LogWindows:    2. 'NVIDIA GeForce RTX 2060' (P:0 D:1)
[2020.11.07-02.51.47:026][  0]LogWindows:    3. 'NVIDIA GeForce RTX 2060' (P:0 D:0)
[2020.11.07-02.51.47:027][  0]LogWindows: DebugString: FoundDriverCount:4 
[2020.11.07-02.51.47:027][  0]LogD3D11RHI:     Adapter Name: NVIDIA GeForce RTX 2060
[2020.11.07-02.51.47:027][  0]LogD3D11RHI:   Driver Version: 451.67 (internal:27.21.14.5167, unified:451.67)
[2020.11.07-02.51.47:027][  0]LogD3D11RHI:      Driver Date: 7-5-2020
[2020.11.07-02.51.47:027][  0]LogRHI: Texture pool is 4176 MB (70% of 5967 MB)
[2020.11.07-02.51.47:095][  0]LogD3D11RHI: RHI has support for 64 bit atomics
[2020.11.07-02.51.47:097][  0]LogD3D11RHI: [Aftermath] Enabled and primed
[2020.11.07-02.51.47:097][  0]LogD3D11RHI: Async texture creation enabled
[2020.11.07-02.51.47:097][  0]LogD3D11RHI: Array index from any shader is supported
[2020.11.07-02.51.47:135][  0]LogD3D11RHI: GPU Timing Frequency: 1000.000000 (Debug: 2 2)
[2020.11.07-02.51.47:377][  0]LogTargetPlatformManager: Display: Loaded TargetPlatform 'AllDesktop'
[2020.11.07-02.51.47:397][  0]LogTargetPlatformManager: Display: Loaded TargetPlatform 'Android'
[2020.11.07-02.51.47:397][  0]LogTargetPlatformManager: Display: Loaded TargetPlatform 'Android_ASTC'
[2020.11.07-02.51.47:397][  0]LogTargetPlatformManager: Display: Loaded TargetPlatform 'Android_DXT'
[2020.11.07-02.51.47:397][  0]LogTargetPlatformManager: Display: Loaded TargetPlatform 'Android_ETC2'
[2020.11.07-02.51.47:397][  0]LogTargetPlatformManager: Display: Loaded TargetPlatform 'AndroidClient'
[2020.11.07-02.51.47:397][  0]LogTargetPlatformManager: Display: Loaded TargetPlatform 'Android_ASTCClient'
[2020.11.07-02.51.47:397][  0]LogTargetPlatformManager: Display: Loaded TargetPlatform 'Android_DXTClient'
[2020.11.07-02.51.47:397][  0]LogTargetPlatformManager: Display: Loaded TargetPlatform 'Android_ETC2Client'
[2020.11.07-02.51.47:397][  0]LogTargetPlatformManager: Display: Loaded TargetPlatform 'Android_Multi'
[2020.11.07-02.51.47:397][  0]LogTargetPlatformManager: Display: Loaded TargetPlatform 'Android_MultiClient'
[2020.11.07-02.51.47:421][  0]LogTargetPlatformManager: Display: Loaded TargetPlatform 'IOSClient'
[2020.11.07-02.51.47:421][  0]LogTargetPlatformManager: Display: Loaded TargetPlatform 'IOS'
[2020.11.07-02.51.47:430][  0]LogTargetPlatformManager: Display: Loaded TargetPlatform 'Linux'
[2020.11.07-02.51.47:440][  0]LogTargetPlatformManager: Display: Loaded TargetPlatform 'LinuxNoEditor'
[2020.11.07-02.51.47:449][  0]LogTargetPlatformManager: Display: Loaded TargetPlatform 'LinuxClient'
[2020.11.07-02.51.47:457][  0]LogTargetPlatformManager: Display: Loaded TargetPlatform 'LinuxServer'
[2020.11.07-02.51.47:466][  0]LogTargetPlatformManager: Display: Loaded TargetPlatform 'LinuxAArch64NoEditor'
[2020.11.07-02.51.47:475][  0]LogTargetPlatformManager: Display: Loaded TargetPlatform 'LinuxAArch64Client'
[2020.11.07-02.51.47:485][  0]LogTargetPlatformManager: Display: Loaded TargetPlatform 'LinuxAArch64Server'
[2020.11.07-02.51.47:511][  0]LogTargetPlatformManager: Display: Loaded TargetPlatform 'Lumin'
[2020.11.07-02.51.47:511][  0]LogTargetPlatformManager: Display: Loaded TargetPlatform 'LuminClient'
[2020.11.07-02.51.47:526][  0]LogTargetPlatformManager: Display: Loaded TargetPlatform 'TVOSClient'
[2020.11.07-02.51.47:526][  0]LogTargetPlatformManager: Display: Loaded TargetPlatform 'TVOS'
[2020.11.07-02.51.47:534][  0]LogTargetPlatformManager: Display: Loaded TargetPlatform 'WindowsNoEditor'
[2020.11.07-02.51.47:543][  0]LogTargetPlatformManager: Display: Loaded TargetPlatform 'Windows'
[2020.11.07-02.51.47:552][  0]LogTargetPlatformManager: Display: Loaded TargetPlatform 'WindowsClient'
[2020.11.07-02.51.47:561][  0]LogTargetPlatformManager: Display: Loaded TargetPlatform 'WindowsServer'
[2020.11.07-02.51.47:561][  0]LogTargetPlatformManager: Display: Building Assets For Windows
[2020.11.07-02.51.47:568][  0]LogAudioDebug: Display: Lib vorbis DLL was dynamically loaded.
[2020.11.07-02.51.47:620][  0]LogShaderCompilers: Guid format shader working directory is -13 characters bigger than the processId version (../../../../../../Users/seito/Documents/Unreal/CS328Project/Intermediate/Shaders/WorkingDirectory/5776/).
[2020.11.07-02.51.47:620][  0]LogShaderCompilers: Cleaned the shader compiler working directory 'C:/Users/seito/AppData/Local/Temp/UnrealShaderWorkingDir/C2F063284366358D3D34B7B0C23C5EEE/'.
[2020.11.07-02.51.47:621][  0]LogXGEController: Cannot use XGE Controller as Incredibuild is not installed on this machine.
[2020.11.07-02.51.47:621][  0]LogShaderCompilers: Cannot use XGE Shader Compiler as Incredibuild is not installed on this machine.
[2020.11.07-02.51.47:621][  0]LogShaderCompilers: Display: Using Local Shader Compiler.
[2020.11.07-02.51.48:292][  0]LogDerivedDataCache: Display: Max Cache Size: 512 MB
[2020.11.07-02.51.48:350][  0]LogDerivedDataCache: Loaded boot cache 0.06s 76MB C:/Users/seito/AppData/Local/UnrealEngine/4.25/DerivedDataCache/Boot.ddc.
[2020.11.07-02.51.48:350][  0]LogDerivedDataCache: Display: Loaded Boot cache: C:/Users/seito/AppData/Local/UnrealEngine/4.25/DerivedDataCache/Boot.ddc
[2020.11.07-02.51.48:350][  0]LogDerivedDataCache: FDerivedDataBackendGraph:  Pak pak cache file ../../../../../../Users/seito/Documents/Unreal/CS328Project/DerivedDataCache/DDC.ddp not found, will not use a pak cache.
[2020.11.07-02.51.48:350][  0]LogDerivedDataCache: Unable to find inner node Pak for hierarchical cache Hierarchy.
[2020.11.07-02.51.48:351][  0]LogDerivedDataCache: FDerivedDataBackendGraph:  CompressedPak pak cache file ../../../../../../Users/seito/Documents/Unreal/CS328Project/DerivedDataCache/Compressed.ddp not found, will not use a pak cache.
[2020.11.07-02.51.48:351][  0]LogDerivedDataCache: Unable to find inner node CompressedPak for hierarchical cache Hierarchy.
[2020.11.07-02.51.48:361][  0]LogDerivedDataCache: Display: Pak cache opened for reading ../../../Engine/DerivedDataCache/Compressed.ddp.
[2020.11.07-02.51.48:361][  0]LogDerivedDataCache: FDerivedDataBackendGraph:  EnterprisePak pak cache file ../../../Enterprise/DerivedDataCache/Compressed.ddp not found, will not use a pak cache.
[2020.11.07-02.51.48:361][  0]LogDerivedDataCache: Unable to find inner node EnterprisePak for hierarchical cache Hierarchy.
[2020.11.07-02.51.48:363][  0]LogDerivedDataCache: Using Local data cache path C:/Users/seito/AppData/Local/UnrealEngine/Common/DerivedDataCache: Writable
[2020.11.07-02.51.48:363][  0]LogDerivedDataCache: Shared data cache path not found in *engine.ini, will not use an Shared cache.
[2020.11.07-02.51.48:363][  0]LogDerivedDataCache: Unable to find inner node Shared for hierarchical cache Hierarchy.
[2020.11.07-02.51.48:410][  0]LogSlate: Using FreeType 2.10.0
[2020.11.07-02.51.48:411][  0]LogSlate: SlateFontServices - WITH_FREETYPE: 1, WITH_HARFBUZZ: 1
[2020.11.07-02.51.48:432][  0]LogAssetRegistry: FAssetRegistry took 0.0025 seconds to start up
[2020.11.07-02.51.48:684][  0]LogInit: Selected Device Profile: [Windows]
[2020.11.07-02.51.48:778][  0]LogMeshReduction: Using QuadricMeshReduction for automatic static mesh reduction
[2020.11.07-02.51.48:778][  0]LogMeshReduction: Using SimplygonMeshReduction for automatic skeletal mesh reduction
[2020.11.07-02.51.48:778][  0]LogMeshReduction: Using ProxyLODMeshReduction for automatic mesh merging
[2020.11.07-02.51.48:778][  0]LogMeshReduction: No distributed automatic mesh merging module available
[2020.11.07-02.51.48:778][  0]LogMeshMerging: No distributed automatic mesh merging module available
[2020.11.07-02.51.48:796][  0]LogNetVersion: yourmom2 1.0.0, NetCL: 13144385, EngineNetVer: 14, GameNetVer: 0 (Checksum: 3218749487)
[2020.11.07-02.51.49:174][  0]LogAISub: UAISubsystem::UAISubsystem AISubsystem (0000029767248380), frame # 0
[2020.11.07-02.51.49:174][  0]LogAISub: UAISubsystem::UAISubsystem AIPerceptionSystem (00000297671AC680), frame # 0
[2020.11.07-02.51.49:176][  0]LogAISub: UAISubsystem::UAISubsystem EnvQueryManager (00000297671D9E00), frame # 0
[2020.11.07-02.51.49:223][  0]LogPackageLocalizationCache: Processed 19 localized package path(s) for 1 prioritized culture(s) in 0.040728 seconds
[2020.11.07-02.51.49:229][  0]LogUObjectArray: 15917 objects as part of root set at end of initial load.
[2020.11.07-02.51.49:229][  0]LogUObjectAllocator: 3965568 out of 0 bytes used by permanent object pool.
[2020.11.07-02.51.49:229][  0]LogUObjectArray: CloseDisregardForGC: 0/0 objects in disregard for GC pool
[2020.11.07-02.51.49:531][  0]LogTcpMessaging: Initializing TcpMessaging bridge
[2020.11.07-02.51.49:535][  0]LogUdpMessaging: Initializing bridge on interface 0.0.0.0:0 to multicast group 230.0.0.1:6666.
[2020.11.07-02.51.49:606][  0]SourceControl: Source control is disabled
[2020.11.07-02.51.50:142][  0]LogAndroidPermission: UAndroidPermissionCallbackProxy::GetInstance
[2020.11.07-02.51.50:157][  0]LogAudioCaptureCore: Display: No Audio Capture implementations found. Audio input will be silent.
[2020.11.07-02.51.50:157][  0]LogAudioCaptureCore: Display: No Audio Capture implementations found. Audio input will be silent.
[2020.11.07-02.51.50:201][  0]LogOcInput: OculusInput pre-init called
[2020.11.07-02.51.50:213][  0]LogWindows: Failed to load 'OVRPlugin.dll' (GetLastError=126)
[2020.11.07-02.51.50:213][  0]LogWindows: File 'OVRPlugin.dll' does not exist
[2020.11.07-02.51.50:272][  0]LogEngine: Initializing Engine...
[2020.11.07-02.51.50:274][  0]LogHMD: Failed to initialize OpenVR with code 110
[2020.11.07-02.51.50:274][  0]LogMagicLeap: Warning: VR disabled because ZI is not enabled.  To enable, in the editor, Edit -> Project Settings -> Plugins -> Magic Leap Plugin -> Enable Zero Iteration
[2020.11.07-02.51.50:275][  0]LogStats: UGameplayTagsManager::InitializeManager -  0.000 s
[2020.11.07-02.51.50:377][  0]LogInit: Initializing FReadOnlyCVARCache
[2020.11.07-02.51.50:387][  0]LogAIModule: Creating AISystem for world Untitled
[2020.11.07-02.51.50:387][  0]LogAISub: UAISubsystem::UAISubsystem EnvQueryManager (000002976E3B3C00), frame # 0
[2020.11.07-02.51.50:387][  0]LogAISub: UAISubsystem::UAISubsystem AIPerceptionSystem (000002976E3FFB00), frame # 0
[2020.11.07-02.51.50:399][  0]LogAudioMixer: Display: Audio Mixer Platform Settings:
[2020.11.07-02.51.50:399][  0]LogAudioMixer: Display: 	Sample Rate:						  48000
[2020.11.07-02.51.50:399][  0]LogAudioMixer: Display: 	Callback Buffer Frame Size Requested: 1024
[2020.11.07-02.51.50:399][  0]LogAudioMixer: Display: 	Callback Buffer Frame Size To Use:	  1024
[2020.11.07-02.51.50:399][  0]LogAudioMixer: Display: 	Number of buffers to queue:			  2
[2020.11.07-02.51.50:399][  0]LogAudioMixer: Display: 	Max Channels (voices):				  32
[2020.11.07-02.51.50:399][  0]LogAudioMixer: Display: 	Number of Async Source Workers:		  0
[2020.11.07-02.51.50:399][  0]LogAudio: Display: AudioDevice MaxSources: 32
[2020.11.07-02.51.50:399][  0]LogAudio: Display: Using built-in audio occlusion.
[2020.11.07-02.51.50:399][  0]LogAudioMixer: Display: Initializing audio mixer.
[2020.11.07-02.51.50:409][  0]LogAudioMixer: Display: 0: FrontLeft
[2020.11.07-02.51.50:409][  0]LogAudioMixer: Display: 1: FrontRight
[2020.11.07-02.51.50:437][  0]LogAudioMixer: Display: Using Audio Device Speakers (Yeti Stereo Microphone)
[2020.11.07-02.51.50:439][  0]LogAudioMixer: Display: Initializing Sound Submixes...
[2020.11.07-02.51.50:441][  0]LogAudioMixer: Display: Creating Master Submix 'MasterSubmixDefault'
[2020.11.07-02.51.50:441][  0]LogAudioMixer: Display: Creating Master Submix 'MasterReverbSubmixDefault'
[2020.11.07-02.51.50:442][  0]LogAudioMixer: Display: Creating Master Submix 'MasterEQSubmixDefault'
[2020.11.07-02.51.50:443][  0]LogInit: FAudioDevice initialized.
[2020.11.07-02.51.50:443][  0]LogNetVersion: Set ProjectVersion to 1.0.0.0. Version Checksum will be recalculated on next use.
[2020.11.07-02.51.50:500][  0]LogDerivedDataCache: Saved boot cache 0.06s 76MB C:/Users/seito/AppData/Local/UnrealEngine/4.25/DerivedDataCache/Boot.ddc.
[2020.11.07-02.51.50:505][  0]LogInit: Texture streaming: Enabled
[2020.11.07-02.51.50:521][  0]LogEngineSessionManager: EngineSessionManager initialized
[2020.11.07-02.51.50:521][  0]LogEditorSessionSummary: Verbose: Initializing EditorSessionSummaryWriter for editor session tracking
[2020.11.07-02.51.50:522][  0]LogEditorSessionSummary: EditorSessionSummaryWriter initialized
[2020.11.07-02.51.50:579][  0]LogInit: Transaction tracking system initialized
[2020.11.07-02.51.50:595][  0]BlueprintLog: New page: Editor Load
[2020.11.07-02.51.50:657][  0]LocalizationService: Localization service is disabled
[2020.11.07-02.51.50:787][  0]LogCook: Display: Max memory allowance for cook 16384mb min free memory 0mb
[2020.11.07-02.51.50:787][  0]LogCook: Display: Mobile HDR setting 1
[2020.11.07-02.51.50:902][  0]LogFileCache: Scanning file cache for directory 'C:/Users/seito/Documents/Unreal/CS328Project/Content/' took 0.01s
[2020.11.07-02.51.51:089][  0]LogUnrealEdMisc: Loading editor; pre map load, took 5.790
[2020.11.07-02.51.51:089][  0]Cmd: MAP LOAD FILE="../../../../../../Users/seito/Documents/Unreal/CS328Project/Content/StarterContent/Maps/Minimal_Default.umap" TEMPLATE=0 SHOWPROGRESS=1 FEATURELEVEL=3
[2020.11.07-02.51.51:089][  0]LightingResults: New page: Lighting Build
[2020.11.07-02.51.51:090][  0]LogWorld: UWorld::CleanupWorld for Untitled, bSessionEnded=true, bCleanupResources=true
[2020.11.07-02.51.51:090][  0]LogSlate: InvalidateAllWidgets triggered.  All widgets were invalidated
[2020.11.07-02.51.51:090][  0]MapCheck: New page: Map Check
[2020.11.07-02.51.51:090][  0]LightingResults: New page: Lighting Build
[2020.11.07-02.51.51:113][  0]LogAISub: UAISubsystem::~UAISubsystem EnvQueryManager (000002976E3B3C00), frame # 0
[2020.11.07-02.51.51:113][  0]LogAISub: UAISubsystem::~UAISubsystem AIPerceptionSystem (000002976E3FFB00), frame # 0
[2020.11.07-02.51.51:113][  0]LogUObjectHash: Compacting FUObjectHashTables data took   0.79ms
[2020.11.07-02.51.51:232][  0]LogAIModule: Creating AISystem for world Minimal_Default
[2020.11.07-02.51.51:232][  0]LogAISub: UAISubsystem::UAISubsystem EnvQueryManager (000002975A084A00), frame # 0
[2020.11.07-02.51.51:233][  0]LogAISub: UAISubsystem::UAISubsystem AIPerceptionSystem (0000029759EF51C0), frame # 0
[2020.11.07-02.51.51:238][  0]LogEditorServer: Finished looking for orphan Actors (0.000 secs)
[2020.11.07-02.51.51:255][  0]LogUObjectHash: Compacting FUObjectHashTables data took   1.46ms
[2020.11.07-02.51.51:255][  0]Cmd: MAP CHECKDEP NOCLEARLOG
[2020.11.07-02.51.51:256][  0]MapCheck: Map check complete: 0 Error(s), 0 Warning(s), took 0.301ms to complete.
[2020.11.07-02.51.51:256][  0]LogFileHelpers: Loading map 'Minimal_Default' took 0.167
[2020.11.07-02.51.51:258][  0]LogUnrealEdMisc: Total Editor Startup Time, took 5.958
[2020.11.07-02.51.51:389][  0]LogSlate: Updating window title bar state: overlay mode, drag disabled, window buttons hidden, title bar hidden
[2020.11.07-02.51.51:396][  0]LogSlate: Updating window title bar state: overlay mode, drag disabled, window buttons hidden, title bar hidden
[2020.11.07-02.51.51:404][  0]LogSlate: Updating window title bar state: overlay mode, drag disabled, window buttons hidden, title bar hidden
[2020.11.07-02.51.51:414][  0]LogSlate: Updating window title bar state: overlay mode, drag disabled, window buttons hidden, title bar hidden
[2020.11.07-02.51.51:420][  0]LogCollectionManager: Loaded 0 collections in 0.001751 seconds
[2020.11.07-02.51.51:440][  0]LogFileCache: Scanning file cache for directory 'C:/Users/seito/Documents/Unreal/CS328Project/Saved/Collections/' took 0.00s
[2020.11.07-02.51.51:440][  0]LogFileCache: Scanning file cache for directory 'C:/Users/seito/Documents/Unreal/CS328Project/Content/Developers/seito/Collections/' took 0.00s
[2020.11.07-02.51.51:440][  0]LogFileCache: Scanning file cache for directory 'C:/Users/seito/Documents/Unreal/CS328Project/Content/Collections/' took 0.00s
[2020.11.07-02.51.51:440][  0]LogContentBrowser: Native class hierarchy populated in 0.0129 seconds. Added 3427 classes and 821 folders.
[2020.11.07-02.51.51:444][  0]LogContentBrowser: Native class hierarchy updated for 'WidgetCarousel' in 0.0004 seconds. Added 0 classes and 0 folders.
[2020.11.07-02.51.51:495][  0]LogContentBrowser: Native class hierarchy updated for 'AddContentDialog' in 0.0004 seconds. Added 0 classes and 0 folders.
[2020.11.07-02.51.51:496][  0]LogContentBrowser: Native class hierarchy updated for 'SceneOutliner' in 0.0002 seconds. Added 2 classes and 0 folders.
[2020.11.07-02.51.51:522][  0]LogSlate: Took 0.000170 seconds to synchronously load lazily loaded font '../../../Engine/Content/Slate/Fonts/Roboto-Regular.ttf' (155K)
[2020.11.07-02.51.51:523][  0]LogSlate: Took 0.000128 seconds to synchronously load lazily loaded font '../../../Engine/Content/Slate/Fonts/Roboto-Bold.ttf' (160K)
[2020.11.07-02.51.51:527][  0]LogSlate: Took 0.000117 seconds to synchronously load lazily loaded font '../../../Engine/Content/Editor/Slate/Fonts/FontAwesome.ttf' (139K)
[2020.11.07-02.51.51:597][  0]LogRenderer: Reallocating scene render targets to support 1028x504 Format 10 NumSamples 1 (Frame:1).
[2020.11.07-02.51.51:696][  0]LogContentBrowser: Native class hierarchy updated for 'HierarchicalLODOutliner' in 0.0003 seconds. Added 0 classes and 0 folders.
[2020.11.07-02.51.51:696][  0]LogLoad: (Engine Initialization) Total time: 6.40 seconds
[2020.11.07-02.51.51:696][  0]LogLoad: (Engine Initialization) Total Blueprint compile time: 0.00 seconds
[2020.11.07-02.51.51:775][  0]LogAssetRegistry: Asset discovery search completed in 3.3436 seconds
[2020.11.07-02.51.51:778][  0]LogCollectionManager: Fixed up redirectors for 0 collections in 0.000004 seconds (updated 0 objects)
[2020.11.07-02.51.51:784][  0]LogContentStreaming: Texture pool size now 1000 MB
[2020.11.07-02.51.51:840][  0]LogRenderer: Reallocating scene render targets to support 1028x520 Format 10 NumSamples 1 (Frame:3).
[2020.11.07-02.51.51:840][  0]LogSlate: Took 0.000155 seconds to synchronously load lazily loaded font '../../../Engine/Content/Slate/Fonts/Roboto-Light.ttf' (167K)
[2020.11.07-02.51.51:970][  2]LogRenderer: Reallocating scene render targets to support 1028x612 Format 10 NumSamples 1 (Frame:5).
[2020.11.07-02.51.55:842][418]LogSlate: Window 'Toolbar' being destroyed
[2020.11.07-02.51.55:846][418]LogSlate: Window 'Toolbar' being destroyed
[2020.11.07-02.51.56:412][485]LogEditorViewport: Clicking on Actor (LMB): BP_Sky_Sphere_C (BP_Sky_Sphere)
[2020.11.07-02.51.57:093][549]LogEditorViewport: Clicking on Actor (LMB): BP_Sky_Sphere_C (BP_Sky_Sphere)
[2020.11.07-02.52.05:185][300]LogSlate: Window 'Toolbar' being destroyed
[2020.11.07-02.52.06:295][413]LogEditorViewport: Clicking on Actor (LMB): BP_Sky_Sphere_C (BP_Sky_Sphere)
[2020.11.07-02.52.13:268][114]LogUObjectHash: Compacting FUObjectHashTables data took   0.60ms
[2020.11.07-02.52.13:270][114]Cmd: MAP LOAD FILE="../../../../../../Users/seito/Documents/Unreal/CS328Project/Content/Levels/Level2.umap" TEMPLATE=0 SHOWPROGRESS=1 FEATURELEVEL=3
[2020.11.07-02.52.13:274][114]LogSlate: Took 0.000130 seconds to synchronously load lazily loaded font '../../../Engine/Content/Slate/Fonts/Roboto-Light.ttf' (167K)
[2020.11.07-02.52.13:289][114]LightingResults: New page: Lighting Build
[2020.11.07-02.52.13:289][114]LoadErrors: New page: Loading map: Level2.umap
[2020.11.07-02.52.13:312][114]LogWorld: UWorld::CleanupWorld for Minimal_Default, bSessionEnded=true, bCleanupResources=true
[2020.11.07-02.52.13:312][114]LogSlate: InvalidateAllWidgets triggered.  All widgets were invalidated
[2020.11.07-02.52.13:313][114]MapCheck: New page: Map Check
[2020.11.07-02.52.13:313][114]LightingResults: New page: Lighting Build
[2020.11.07-02.52.13:324][114]LogAISub: UAISubsystem::~UAISubsystem EnvQueryManager (000002975A084A00), frame # 2114
[2020.11.07-02.52.13:325][114]LogAISub: UAISubsystem::~UAISubsystem AIPerceptionSystem (0000029759EF51C0), frame # 2114
[2020.11.07-02.52.13:325][114]LogUObjectHash: Compacting FUObjectHashTables data took   0.69ms
[2020.11.07-02.52.13:545][114]LogAIModule: Creating AISystem for world Level2
[2020.11.07-02.52.13:545][114]LogAISub: UAISubsystem::UAISubsystem EnvQueryManager (0000029759F4C200), frame # 2114
[2020.11.07-02.52.13:545][114]LogAISub: UAISubsystem::UAISubsystem AIPerceptionSystem (0000029757095E40), frame # 2114
[2020.11.07-02.52.13:556][114]LogEditorServer: Finished looking for orphan Actors (0.000 secs)
[2020.11.07-02.52.13:569][114]LogUObjectHash: Compacting FUObjectHashTables data took   0.60ms
[2020.11.07-02.52.13:608][114]Cmd: MAP CHECKDEP NOCLEARLOG
[2020.11.07-02.52.13:608][114]MapCheck: Map check complete: 0 Error(s), 0 Warning(s), took 0.124ms to complete.
[2020.11.07-02.52.13:608][114]LogFileHelpers: Loading map 'Level2' took 0.339
[2020.11.07-02.52.13:609][114]LogSlate: Window 'Open Level' being destroyed
[2020.11.07-02.52.52:568][924]LogStaticMesh: Building static mesh tile_dirtHigh_tile_dirtHigh...
[2020.11.07-02.52.52:590][924]LogStaticMesh: Built static mesh [0.02s] /Game/Map/tile_dirtHigh_tile_dirtHigh.tile_dirtHigh_tile_dirtHigh
[2020.11.07-02.52.52:666][930]LogActorFactory: Actor Factory created tile_dirtHigh_tile_dirtHigh
[2020.11.07-02.52.53:468][ 21]LogActorFactory: Actor Factory created tile_dirtHigh_tile_dirtHigh
[2020.11.07-02.53.35:885][315]Cmd: TRANSACTION UNDO
[2020.11.07-02.53.35:885][315]LogEditorTransaction: Undo Move Actors
[2020.11.07-02.53.36:421][340]Cmd: TRANSACTION UNDO
[2020.11.07-02.53.36:421][340]LogEditorTransaction: Undo Move Actors
[2020.11.07-02.54.18:510][704]LogEditorViewport: Clicking on Actor (LMB): StaticMeshActor (tile_dirtHigh_tile_dirtHigh5)
[2020.11.07-02.54.20:702][930]LogEditorViewport: Clicking on Actor (LMB): StaticMeshActor (tile_dirtHigh_tile_dirtHigh6)
[2020.11.07-02.54.42:140][974]LogEditorViewport: Clicking on Actor (LMB): StaticMeshActor (tile_dirtHigh_tile_dirtHigh10)
[2020.11.07-02.55.17:932][237]LogEditorViewport: Clicking on Actor (LMB): StaticMeshActor (tile_dirtHigh_tile_dirtHigh15)
[2020.11.07-02.55.18:851][324]LogEditorViewport: Clicking on Actor (LMB): StaticMeshActor (tile_dirtHigh_tile_dirtHigh15)
[2020.11.07-02.55.19:660][403]LogEditorViewport: Clicking on Actor (LMB): StaticMeshActor (tile_dirtHigh_tile_dirtHigh16)
[2020.11.07-02.55.24:375][848]LogEditorViewport: Clicking on Actor (LMB): StaticMeshActor (tile_dirtHigh_tile_dirtHigh16)
[2020.11.07-02.56.27:531][765]LogEditorViewport: Clicking on Actor (LMB): BP_Sky_Sphere_C (Sky Sphere)
[2020.11.07-02.56.27:871][785]LogEditorViewport: Clicking on Actor (LMB): StaticMeshActor (tile_dirtHigh_tile_dirtHigh20)
[2020.11.07-02.56.28:518][840]LogEditorViewport: Clicking on Actor (LMB): StaticMeshActor (tile_dirtHigh_tile_dirtHigh23)
[2020.11.07-02.56.29:046][886]LogEditorViewport: Clicking on Actor (LMB): StaticMeshActor (tile_dirtHigh_tile_dirtHigh20)
[2020.11.07-02.56.29:790][954]LogEditorViewport: Clicking on Actor (LMB): StaticMeshActor (tile_dirtHigh_tile_dirtHigh23)
[2020.11.07-02.56.35:359][456]LogEditorViewport: Clicking on Actor (LMB): StaticMeshActor (tile_dirtHigh_tile_dirtHigh22)
[2020.11.07-02.56.38:421][745]LogEditorViewport: Clicking on Actor (LMB): StaticMeshActor (tile_dirtHigh_tile_dirtHigh24)
[2020.11.07-02.56.45:286][364]LogEditorViewport: Clicking on Actor (LMB): StaticMeshActor (tile_dirtHigh_tile_dirtHigh25)
[2020.11.07-02.56.48:200][644]LogEditorViewport: Clicking on Actor (LMB): StaticMeshActor (tile_dirtHigh_tile_dirtHigh26)
[2020.11.07-02.56.51:480][946]LogEditorViewport: Clicking on Actor (LMB): StaticMeshActor (tile_dirtHigh_tile_dirtHigh27)
[2020.11.07-02.57.03:271][ 35]LogEditorViewport: Clicking on Actor (LMB): StaticMeshActor (tile_dirtHigh_tile_dirtHigh27)
[2020.11.07-02.57.07:260][373]LogEditorViewport: Clicking on Actor (LMB): StaticMeshActor (tile_dirtHigh_tile_dirtHigh33)
[2020.11.07-02.57.16:761][220]LogEditorViewport: Clicking on Actor (LMB): BP_Sky_Sphere_C (Sky Sphere)
[2020.11.07-02.57.49:552][449]LogStaticMesh: Building static mesh snow_detail_crystal_snow_detail_crystal...
[2020.11.07-02.57.49:571][449]LogStaticMesh: Built static mesh [0.02s] /Game/Map/snow_detail_crystal_snow_detail_crystal.snow_detail_crystal_snow_detail_crystal
[2020.11.07-02.57.49:760][463]LogActorFactory: Actor Factory created snow_detail_crystal_snow_detail_crystal
[2020.11.07-02.57.50:991][560]LogActorFactory: Actor Factory created snow_detail_crystal_snow_detail_crystal
[2020.11.07-02.58.00:425][344]Cmd: TRANSACTION UNDO
[2020.11.07-02.58.00:425][344]LogEditorTransaction: Undo Set Scale
[2020.11.07-02.58.36:597][332]LogSlate: Took 0.007852 seconds to synchronously load lazily loaded font '../../../Engine/Content/Slate/Fonts/Roboto-Italic.ttf' (157K)
[2020.11.07-02.58.41:065][645]LogEditorViewport: Clicking on Actor (LMB): StaticMeshActor (tile_dirtHigh_tile_dirtHigh23)
[2020.11.07-02.58.41:663][686]LogEditorViewport: Clicking on Actor (LMB): StaticMeshActor (tile_dirtHigh_tile_dirtHigh22)
[2020.11.07-02.58.46:855][186]LogEditorViewport: Clicking on Actor (LMB): StaticMeshActor (snow_detail_crystal_snow_detail_crystal)
[2020.11.07-02.58.50:281][548]LogEditorViewport: Clicking on Actor (LMB): StaticMeshActor (tile_dirtHigh_tile_dirtHigh22)
[2020.11.07-02.58.52:780][802]LogEditorViewport: Clicking on Actor (LMB): StaticMeshActor (snow_detail_crystal_snow_detail_crystal)
[2020.11.07-02.59.21:659][805]LogEditorViewport: Clicking on Actor (LMB): BP_Sky_Sphere_C (Sky Sphere)
[2020.11.07-02.59.22:737][906]Cmd: OBJ SAVEPACKAGE PACKAGE="/Game/Levels/Level2" FILE="../../../../../../Users/seito/Documents/Unreal/CS328Project/Content/Levels/Level2.umap" SILENT=true AUTOSAVING=false KEEPDIRTY=false
[2020.11.07-02.59.22:750][906]LogUObjectHash: Compacting FUObjectHashTables data took   0.76ms
[2020.11.07-02.59.22:790][906]LogSavePackage: Moving '../../../../../../Users/seito/Documents/Unreal/CS328Project/Saved/Level2ADFC2FBF42FD65074DC46BA5C35561CC.tmp' to '../../../../../../Users/seito/Documents/Unreal/CS328Project/Content/Levels/Level2.umap'
[2020.11.07-02.59.22:885][906]Cmd: OBJ SAVEPACKAGE PACKAGE="/Game/Levels/Level2_BuiltData" FILE="../../../../../../Users/seito/Documents/Unreal/CS328Project/Content/Levels/Level2_BuiltData.uasset" SILENT=true
[2020.11.07-02.59.22:908][906]LogSavePackage: Moving '../../../../../../Users/seito/Documents/Unreal/CS328Project/Saved/Level2_BuiltData776F7FC346CAF7E0904A1FB23977625E.tmp' to '../../../../../../Users/seito/Documents/Unreal/CS328Project/Content/Levels/Level2_BuiltData.uasset'
[2020.11.07-02.59.22:917][906]AssetCheck: New page: Asset Save: multiple assets
[2020.11.07-02.59.22:917][906]LogContentValidation: Display: Validating World /Game/Levels/Level2.Level2
[2020.11.07-02.59.22:917][906]LogContentValidation: Display: Validating MapBuildDataRegistry /Game/Levels/Level2_BuiltData.Level2_BuiltData
